1703315252747	geckodriver	INFO	Listening on 127.0.0.1:26234
1703315255772	mozrunner::runner	INFO	Running command: "C:\\Program Files\\Mozilla Firefox\\firefox.exe" "--marionette" "--remote-debugging-port" "26235" "--remote-allow-hosts" "localhost" "-no-remote" "-profile" "C:\\Users\\Jonathan\\AppData\\Local\\Temp\\rust_mozprofileX7HMEq"
console.warn: services.settings: Ignoring preference override of remote settings server
console.warn: services.settings: Allow by setting MOZ_REMOTE_SETTINGS_DEVTOOLS=1 in the environment
1703315256105	Marionette	INFO	Marionette enabled
Dynamically enable window occlusion 0
1703315256174	Marionette	INFO	Listening on port 26242
WebDriver BiDi listening on ws://127.0.0.1:26235
Read port: 26242
1703315256385	RemoteAgent	WARN	TLS certificate errors will be ignored for this session
DevTools listening on ws://127.0.0.1:26235/devtools/browser/9663b4a0-a7ad-4acc-9e91-eb5313805d96
console.warn: LoginRecipes: "Falling back to a synchronous message for: http://127.0.0.1."
console.warn: LoginRecipes: "Falling back to a synchronous message for: http://127.0.0.1."
1703315286867	addons.xpi	ERROR	System addon update list error SyntaxError: XMLHttpRequest.open: 'http://%(server)s/dummy-system-addons.xml' is not a valid URL.
console.error: services.settings: 
  main/search-config-v2 Signature failed  InvalidSignatureError: Invalid content signature (main/search-config-v2) using 'remote-settings.content-signature.mozilla.org-2024-01-19-16-42-21.chain'
console.error: services.settings: 
  main/search-config-v2 local data was corrupted
console.warn: services.settings: main/search-config-v2 Signature verified failed. Retry from scratch
1703315301239	Marionette	INFO	Stopped listening on port 26242
Dynamically enable window occlusion 1
