1703314004556	geckodriver	INFO	Listening on 127.0.0.1:25329
1703314007616	mozrunner::runner	INFO	Running command: "C:\\Program Files\\Mozilla Firefox\\firefox.exe" "--marionette" "--remote-debugging-port" "25330" "--remote-allow-hosts" "localhost" "-no-remote" "-profile" "C:\\Users\\Jonathan\\AppData\\Local\\Temp\\rust_mozprofileP30sJn"
console.warn: services.settings: Ignoring preference override of remote settings server
console.warn: services.settings: Allow by setting MOZ_REMOTE_SETTINGS_DEVTOOLS=1 in the environment
1703314008189	Marionette	INFO	Marionette enabled
Dynamically enable window occlusion 0
1703314008282	Marionette	INFO	Listening on port 25340
WebDriver BiDi listening on ws://127.0.0.1:25330
Read port: 25340
1703314008646	RemoteAgent	WARN	TLS certificate errors will be ignored for this session
DevTools listening on ws://127.0.0.1:25330/devtools/browser/33f302eb-cf96-45e3-bf72-88d113aa9865
1703314040918	addons.xpi	ERROR	System addon update list error SyntaxError: XMLHttpRequest.open: 'http://%(server)s/dummy-system-addons.xml' is not a valid URL.
console.error: services.settings: 
  main/search-config-v2 Signature failed  InvalidSignatureError: Invalid content signature (main/search-config-v2) using 'remote-settings.content-signature.mozilla.org-2024-01-19-16-42-21.chain'
console.error: services.settings: 
  main/search-config-v2 local data was corrupted
console.warn: services.settings: main/search-config-v2 Signature verified failed. Retry from scratch
1703314045613	Marionette	INFO	Stopped listening on port 25340
Dynamically enable window occlusion 1
console.warn: services.settings: security-state/intermediates sync interrupted by shutdown
